[debug] [2022-06-06T15:15:28.152Z] ----------------------------------------------------------------------
[debug] [2022-06-06T15:15:28.153Z] Command:       /usr/local/bin/node /usr/local/bin/firebase deploy
[debug] [2022-06-06T15:15:28.154Z] CLI Version:   11.0.1
[debug] [2022-06-06T15:15:28.154Z] Platform:      linux
[debug] [2022-06-06T15:15:28.154Z] Node Version:  v17.4.0
[debug] [2022-06-06T15:15:28.154Z] Time:          Mon Jun 06 2022 20:45:28 GMT+0530 (India Standard Time)
[debug] [2022-06-06T15:15:28.154Z] ----------------------------------------------------------------------
[debug] 
[debug] [2022-06-06T15:15:28.204Z] > command requires scopes: ["email","openid","https://www.googleapis.com/auth/cloudplatformprojects.readonly","https://www.googleapis.com/auth/firebase","https://www.googleapis.com/auth/cloud-platform"]
[debug] [2022-06-06T15:15:28.205Z] > authorizing via signed-in user (rbharathy2999@gmail.com)
[debug] [2022-06-06T15:15:28.205Z] [iam] checking project shoppy-cart-app for permissions ["firebase.projects.get","firebasehosting.sites.update"]
[debug] [2022-06-06T15:15:28.207Z] >>> [apiv2][query] POST https://cloudresourcemanager.googleapis.com/v1/projects/shoppy-cart-app:testIamPermissions [none]
[debug] [2022-06-06T15:15:28.207Z] >>> [apiv2][body] POST https://cloudresourcemanager.googleapis.com/v1/projects/shoppy-cart-app:testIamPermissions {"permissions":["firebase.projects.get","firebasehosting.sites.update"]}
[debug] [2022-06-06T15:15:38.282Z] [iam] error while checking permissions, command may fail: FirebaseError: Failed to make request to https://cloudresourcemanager.googleapis.com/v1/projects/shoppy-cart-app:testIamPermissions
[debug] [2022-06-06T15:15:38.285Z] >>> [apiv2][query] GET https://firebase.googleapis.com/v1beta1/projects/shoppy-cart-app [none]
[debug] [2022-06-06T15:15:39.602Z] <<< [apiv2][status] GET https://firebase.googleapis.com/v1beta1/projects/shoppy-cart-app 200
[debug] [2022-06-06T15:15:39.602Z] <<< [apiv2][body] GET https://firebase.googleapis.com/v1beta1/projects/shoppy-cart-app {"projectId":"shoppy-cart-app","projectNumber":"41530706587","displayName":"Shoppy","name":"projects/shoppy-cart-app","resources":{"hostingSite":"shoppy-cart-app"},"state":"DELETED"}
[info] 
[info] === Deploying to 'shoppy-cart-app'...
[info] 
[info] i  deploying hosting 
[debug] [2022-06-06T15:15:39.606Z] >>> [apiv2][query] GET https://firebase.googleapis.com/v1beta1/projects/shoppy-cart-app [none]
[debug] [2022-06-06T15:15:40.686Z] <<< [apiv2][status] GET https://firebase.googleapis.com/v1beta1/projects/shoppy-cart-app 200
[debug] [2022-06-06T15:15:40.686Z] <<< [apiv2][body] GET https://firebase.googleapis.com/v1beta1/projects/shoppy-cart-app {"projectId":"shoppy-cart-app","projectNumber":"41530706587","displayName":"Shoppy","name":"projects/shoppy-cart-app","resources":{"hostingSite":"shoppy-cart-app"},"state":"DELETED"}
[debug] [2022-06-06T15:15:40.689Z] >>> [apiv2][query] POST https://firebasehosting.googleapis.com/v1beta1/projects/41530706587/sites/shoppy-cart-app/versions [none]
[debug] [2022-06-06T15:15:40.690Z] >>> [apiv2][body] POST https://firebasehosting.googleapis.com/v1beta1/projects/41530706587/sites/shoppy-cart-app/versions {"config":{"rewrites":[{"glob":"**","path":"/index.html"}]},"labels":{"deployment-tool":"cli-firebase"}}
[debug] [2022-06-06T15:15:42.460Z] <<< [apiv2][status] POST https://firebasehosting.googleapis.com/v1beta1/projects/41530706587/sites/shoppy-cart-app/versions 500
[debug] [2022-06-06T15:15:42.460Z] <<< [apiv2][body] POST https://firebasehosting.googleapis.com/v1beta1/projects/41530706587/sites/shoppy-cart-app/versions {"error":{"code":500,"message":"Internal error encountered.","status":"INTERNAL"}}
[error] 
[error] Error: HTTP Error: 500, Internal error encountered.
[debug] [2022-06-06T15:15:43.277Z] Error Context: {
  "body": {
    "error": {
      "code": 500,
      "message": "Internal error encountered.",
      "status": "INTERNAL"
    }
  },
  "response": {
    "statusCode": 500
  }
}
[debug] [2022-06-06T15:18:56.308Z] ----------------------------------------------------------------------
[debug] [2022-06-06T15:18:56.310Z] Command:       /usr/local/bin/node /usr/local/bin/firebase deploy
[debug] [2022-06-06T15:18:56.310Z] CLI Version:   11.0.1
[debug] [2022-06-06T15:18:56.310Z] Platform:      linux
[debug] [2022-06-06T15:18:56.310Z] Node Version:  v17.4.0
[debug] [2022-06-06T15:18:56.311Z] Time:          Mon Jun 06 2022 20:48:56 GMT+0530 (India Standard Time)
[debug] [2022-06-06T15:18:56.311Z] ----------------------------------------------------------------------
[debug] 
[debug] [2022-06-06T15:18:56.363Z] > command requires scopes: ["email","openid","https://www.googleapis.com/auth/cloudplatformprojects.readonly","https://www.googleapis.com/auth/firebase","https://www.googleapis.com/auth/cloud-platform"]
[debug] [2022-06-06T15:18:56.363Z] > authorizing via signed-in user (rbharathy2999@gmail.com)
[debug] [2022-06-06T15:18:56.363Z] [iam] checking project shoppy-cart-app for permissions ["firebase.projects.get","firebasehosting.sites.update"]
[debug] [2022-06-06T15:18:56.365Z] >>> [apiv2][query] POST https://cloudresourcemanager.googleapis.com/v1/projects/shoppy-cart-app:testIamPermissions [none]
[debug] [2022-06-06T15:18:56.365Z] >>> [apiv2][body] POST https://cloudresourcemanager.googleapis.com/v1/projects/shoppy-cart-app:testIamPermissions {"permissions":["firebase.projects.get","firebasehosting.sites.update"]}
[debug] [2022-06-06T15:18:58.554Z] <<< [apiv2][status] POST https://cloudresourcemanager.googleapis.com/v1/projects/shoppy-cart-app:testIamPermissions 200
[debug] [2022-06-06T15:18:58.554Z] <<< [apiv2][body] POST https://cloudresourcemanager.googleapis.com/v1/projects/shoppy-cart-app:testIamPermissions {"permissions":["firebase.projects.get","firebasehosting.sites.update"]}
[debug] [2022-06-06T15:18:58.556Z] >>> [apiv2][query] GET https://firebase.googleapis.com/v1beta1/projects/shoppy-cart-app [none]
[debug] [2022-06-06T15:18:59.584Z] <<< [apiv2][status] GET https://firebase.googleapis.com/v1beta1/projects/shoppy-cart-app 200
[debug] [2022-06-06T15:18:59.584Z] <<< [apiv2][body] GET https://firebase.googleapis.com/v1beta1/projects/shoppy-cart-app {"projectId":"shoppy-cart-app","projectNumber":"41530706587","displayName":"Shoppy","name":"projects/shoppy-cart-app","resources":{"hostingSite":"shoppy-cart-app"},"state":"DELETED"}
[info] 
[info] === Deploying to 'shoppy-cart-app'...
[info] 
[info] i  deploying hosting 
[debug] [2022-06-06T15:18:59.588Z] >>> [apiv2][query] GET https://firebase.googleapis.com/v1beta1/projects/shoppy-cart-app [none]
[debug] [2022-06-06T15:19:00.687Z] <<< [apiv2][status] GET https://firebase.googleapis.com/v1beta1/projects/shoppy-cart-app 200
[debug] [2022-06-06T15:19:00.688Z] <<< [apiv2][body] GET https://firebase.googleapis.com/v1beta1/projects/shoppy-cart-app {"projectId":"shoppy-cart-app","projectNumber":"41530706587","displayName":"Shoppy","name":"projects/shoppy-cart-app","resources":{"hostingSite":"shoppy-cart-app"},"state":"DELETED"}
[debug] [2022-06-06T15:19:00.692Z] >>> [apiv2][query] POST https://firebasehosting.googleapis.com/v1beta1/projects/41530706587/sites/shoppy-cart-app/versions [none]
[debug] [2022-06-06T15:19:00.692Z] >>> [apiv2][body] POST https://firebasehosting.googleapis.com/v1beta1/projects/41530706587/sites/shoppy-cart-app/versions {"config":{"rewrites":[{"glob":"**","path":"/index.html"}]},"labels":{"deployment-tool":"cli-firebase"}}
[debug] [2022-06-06T15:19:03.048Z] <<< [apiv2][status] POST https://firebasehosting.googleapis.com/v1beta1/projects/41530706587/sites/shoppy-cart-app/versions 500
[debug] [2022-06-06T15:19:03.048Z] <<< [apiv2][body] POST https://firebasehosting.googleapis.com/v1beta1/projects/41530706587/sites/shoppy-cart-app/versions {"error":{"code":500,"message":"Internal error encountered.","status":"INTERNAL"}}
[error] 
[error] Error: HTTP Error: 500, Internal error encountered.
[debug] [2022-06-06T15:19:04.275Z] Error Context: {
  "body": {
    "error": {
      "code": 500,
      "message": "Internal error encountered.",
      "status": "INTERNAL"
    }
  },
  "response": {
    "statusCode": 500
  }
}
